<?xml version="1.0" encoding="UTF-8"?>
<!-- Generated by org.testng.reporters.JUnitReportReporter -->
<testsuite hostname="DESKTOP-RQMUG97" failures="0" tests="1" name="testCases.TC001_AccountRegistrationTest" time="4.047" errors="0" timestamp="2024-08-25T12:54:59 IST" skipped="0">
  <testcase classname="testCases.TC001_AccountRegistrationTest" name="verify_account_registration" time="4.047"/>
</testsuite> <!-- testCases.TC001_AccountRegistrationTest -->
