<?xml version="1.0" encoding="UTF-8"?>
<!-- Generated by org.testng.reporters.JUnitReportReporter -->
<testsuite hostname="DESKTOP-RQMUG97" failures="0" tests="1" name="testCases.TC002_LoginTest" time="1.174" errors="0" timestamp="2024-08-25T12:54:59 IST" skipped="0">
  <testcase classname="testCases.TC002_LoginTest" name="verify_Login" time="1.174"/>
</testsuite> <!-- testCases.TC002_LoginTest -->
