<?xml version="1.0" encoding="UTF-8"?>
<!-- Generated by org.testng.reporters.JUnitReportReporter -->
<testsuite hostname="DESKTOP-RQMUG97" failures="0" tests="1" name="testCases.TC002_AccountLoginTest" time="6.030" errors="0" timestamp="2024-08-18T07:30:45 IST" skipped="0">
  <testcase classname="testCases.TC002_AccountLoginTest" name="account_Login" time="6.030"/>
</testsuite> <!-- testCases.TC002_AccountLoginTest -->
