<?xml version="1.0" encoding="UTF-8"?>
<!-- Generated by org.testng.reporters.JUnitReportReporter -->
<testsuite hostname="DESKTOP-RQMUG97" failures="0" tests="1" name="testCases.TC002_LoginTest" time="2.014" errors="0" timestamp="2024-08-25T15:35:52 IST" skipped="0">
  <testcase classname="testCases.TC002_LoginTest" name="verify_Login" time="2.014"/>
</testsuite> <!-- testCases.TC002_LoginTest -->
