<?xml version="1.0" encoding="UTF-8"?>
<!-- Generated by org.testng.reporters.JUnitReportReporter -->
<testsuite hostname="DESKTOP-RQMUG97" failures="0" tests="5" name="day41_DependencyMethods.DependencyMethods" time="0.016" errors="0" timestamp="2024-08-11T19:31:59 IST" skipped="0">
  <testcase classname="day41_DependencyMethods.DependencyMethods" name="openapp" time="0.013"/>
  <system-out/>
  <testcase classname="day41_DependencyMethods.DependencyMethods" name="login" time="0.000"/>
  <system-out/>
  <testcase classname="day41_DependencyMethods.DependencyMethods" name="search" time="0.001"/>
  <system-out/>
  <testcase classname="day41_DependencyMethods.DependencyMethods" name="advSearch" time="0.001"/>
  <system-out/>
  <testcase classname="day41_DependencyMethods.DependencyMethods" name="logot" time="0.001"/>
  <system-out/>
</testsuite> <!-- day41_DependencyMethods.DependencyMethods -->
