<?xml version="1.0" encoding="UTF-8"?>
<!-- Generated by org.testng.reporters.JUnitReportReporter -->
<testsuite hostname="DESKTOP-RQMUG97" failures="0" tests="3" name="day41_DependencyMethods.LoginTest_Grouping" time="0.014" errors="0" timestamp="2024-08-12T08:55:10 IST" skipped="0">
  <testcase classname="day41_DependencyMethods.LoginTest_Grouping" name="loginbyEmail" time="0.012"/>
  <system-out/>
  <testcase classname="day41_DependencyMethods.LoginTest_Grouping" name="loginbyLinkedIn" time="0.001"/>
  <system-out/>
  <testcase classname="day41_DependencyMethods.LoginTest_Grouping" name="loginbynakuri" time="0.001"/>
  <system-out/>
</testsuite> <!-- day41_DependencyMethods.LoginTest_Grouping -->
