<?xml version="1.0" encoding="UTF-8"?>
<!-- Generated by org.testng.reporters.JUnitReportReporter -->
<testsuite hostname="DESKTOP-RQMUG97" failures="0" tests="2" name="TestNG_Annotations.AllAnnotations" time="0.008" errors="0" timestamp="2024-08-11T12:40:47 IST" skipped="0">
  <testcase classname="TestNG_Annotations.AllAnnotations" name="t1" time="0.005"/>
  <system-out/>
  <testcase classname="TestNG_Annotations.AllAnnotations" name="t2" time="0.003"/>
  <system-out/>
</testsuite> <!-- TestNG_Annotations.AllAnnotations -->
