<?xml version="1.0" encoding="UTF-8"?>
<!-- Generated by org.testng.reporters.JUnitReportReporter -->
<testsuite hostname="DESKTOP-RQMUG97" failures="0" tests="6" name="day42.ParamTest" time="0.195" errors="0" timestamp="2024-08-13T20:11:15 IST" skipped="0">
  <testcase classname="day42.ParamTest" name="logo" time="0.090"/>
  <system-out/>
  <testcase classname="day42.ParamTest" name="logo" time="0.054"/>
  <system-out/>
  <testcase classname="day42.ParamTest" name="title" time="0.017"/>
  <system-out/>
  <testcase classname="day42.ParamTest" name="title" time="0.013"/>
  <system-out/>
  <testcase classname="day42.ParamTest" name="URL" time="0.008"/>
  <system-out/>
  <testcase classname="day42.ParamTest" name="URL" time="0.013"/>
  <system-out/>
</testsuite> <!-- day42.ParamTest -->
