<?xml version="1.0" encoding="UTF-8"?>
<!-- Generated by org.testng.reporters.JUnitReportReporter -->
<testsuite hostname="DESKTOP-RQMUG97" failures="0" tests="2" name="TestNG_Annotations.subpack.C2" time="0.009" errors="0" timestamp="2024-08-11T12:29:24 IST" skipped="0">
  <testcase classname="TestNG_Annotations.subpack.C2" name="xyz" time="0.007"/>
  <system-out/>
  <testcase classname="TestNG_Annotations.subpack.C2" name="xyz" time="0.002"/>
  <system-out/>
</testsuite> <!-- TestNG_Annotations.subpack.C2 -->
