<?xml version="1.0" encoding="UTF-8"?>
<!-- Generated by org.testng.reporters.JUnitReportReporter -->
<testsuite hostname="DESKTOP-RQMUG97" failures="0" tests="3" name="day41_DependencyMethods.SignUpTest_Grouping" time="0.009" errors="0" timestamp="2024-08-12T08:53:21 IST" skipped="0">
  <testcase classname="day41_DependencyMethods.SignUpTest_Grouping" name="signupbyEmail" time="0.007"/>
  <system-out/>
  <testcase classname="day41_DependencyMethods.SignUpTest_Grouping" name="signupbyLinkedIn" time="0.001"/>
  <system-out/>
  <testcase classname="day41_DependencyMethods.SignUpTest_Grouping" name="signupbynakuri" time="0.001"/>
  <system-out/>
</testsuite> <!-- day41_DependencyMethods.SignUpTest_Grouping -->
