<?xml version="1.0" encoding="UTF-8"?>
<!-- Generated by org.testng.reporters.JUnitReportReporter -->
<testsuite hostname="DESKTOP-RQMUG97" failures="0" tests="3" name="day40_TestNG.TestNG_FirstTestCase" time="0.019" errors="0" timestamp="2024-08-24T18:03:46 IST" skipped="0">
  <testcase classname="day40_TestNG.TestNG_FirstTestCase" name="openapp" time="0.008"/>
  <system-out/>
  <testcase classname="day40_TestNG.TestNG_FirstTestCase" name="login" time="0.009"/>
  <system-out/>
  <testcase classname="day40_TestNG.TestNG_FirstTestCase" name="logout" time="0.002"/>
  <system-out/>
</testsuite> <!-- day40_TestNG.TestNG_FirstTestCase -->
