<?xml version="1.0" encoding="UTF-8"?>
<!-- Generated by org.testng.reporters.JUnitReportReporter -->
<testsuite hostname="DESKTOP-RQMUG97" failures="0" tests="1" name="day44_POM.LoginTest" time="2.825" errors="0" timestamp="2024-08-15T19:30:14 IST" skipped="0">
  <testcase classname="day44_POM.LoginTest" name="testLogin" time="2.825"/>
  <system-out/>
</testsuite> <!-- day44_POM.LoginTest -->
