<?xml version="1.0" encoding="UTF-8"?>
<!-- Generated by org.testng.reporters.JUnitReportReporter -->
<testsuite hostname="DESKTOP-RQMUG97" failures="0" tests="2" name="day41_DependencyMethods.PaymentTest_Grouping" time="0.013" errors="0" timestamp="2024-08-12T08:55:45 IST" skipped="0">
  <testcase classname="day41_DependencyMethods.PaymentTest_Grouping" name="paymentinRupees" time="0.011"/>
  <system-out/>
  <testcase classname="day41_DependencyMethods.PaymentTest_Grouping" name="paymentinDollors" time="0.002"/>
  <system-out/>
</testsuite> <!-- day41_DependencyMethods.PaymentTest_Grouping -->
