<?xml version="1.0" encoding="UTF-8"?>
<!-- Generated by org.testng.reporters.JUnitReportReporter -->
<testsuite hostname="DESKTOP-RQMUG97" failures="0" tests="4" name="day40_TestNG.OrangeHRMTest" time="43.235" errors="0" timestamp="2024-08-11T09:09:57 IST" skipped="0">
  <testcase classname="day40_TestNG.OrangeHRMTest" name="openApp" time="35.671"/>
  <system-out/>
  <testcase classname="day40_TestNG.OrangeHRMTest" name="testLogo" time="5.059"/>
  <system-out/>
  <testcase classname="day40_TestNG.OrangeHRMTest" name="loginApp" time="2.348"/>
  <system-out/>
  <testcase classname="day40_TestNG.OrangeHRMTest" name="closeApp" time="0.157"/>
  <system-out/>
</testsuite> <!-- day40_TestNG.OrangeHRMTest -->
