<?xml version="1.0" encoding="UTF-8"?>
<!-- Generated by org.testng.reporters.JUnitReportReporter -->
<testsuite hostname="DESKTOP-RQMUG97" failures="0" tests="2" name="TestNG_Annotations.AnnotationsDemo1" time="0.018" errors="0" timestamp="2024-08-11T11:46:02 IST" skipped="0">
  <testcase classname="TestNG_Annotations.AnnotationsDemo1" name="search" time="0.015"/>
  <system-out/>
  <testcase classname="TestNG_Annotations.AnnotationsDemo1" name="advsearch" time="0.003"/>
  <system-out/>
</testsuite> <!-- TestNG_Annotations.AnnotationsDemo1 -->
