<?xml version="1.0" encoding="UTF-8"?>
<!-- Generated by org.testng.reporters.JUnitReportReporter -->
<testsuite hostname="DESKTOP-RQMUG97" failures="0" tests="2" name="TestNG_Annotations.AnnotationsDemo2" time="0.006" errors="0" timestamp="2024-08-11T11:53:36 IST" skipped="0">
  <testcase classname="TestNG_Annotations.AnnotationsDemo2" name="search" time="0.005"/>
  <system-out/>
  <testcase classname="TestNG_Annotations.AnnotationsDemo2" name="advsearch" time="0.001"/>
  <system-out/>
</testsuite> <!-- TestNG_Annotations.AnnotationsDemo2 -->
