<?xml version="1.0" encoding="UTF-8"?>
<!-- Generated by org.testng.reporters.JUnitReportReporter -->
<testsuite hostname="DESKTOP-RQMUG97" failures="0" tests="2" name="TestNG_Annotations.subpack.C1" time="0.006" errors="0" timestamp="2024-08-11T12:29:24 IST" skipped="0">
  <testcase classname="TestNG_Annotations.subpack.C1" name="abc" time="0.003"/>
  <system-out/>
  <testcase classname="TestNG_Annotations.subpack.C1" name="abc" time="0.003"/>
  <system-out/>
</testsuite> <!-- TestNG_Annotations.subpack.C1 -->
